<?xml version="1.0" encoding="UTF-8"?>
<testng-results ignored="0" total="5" passed="5" failed="0" skipped="0">
  <reporter-output>
  </reporter-output>
  <suite started-at="2020-10-30T15:24:47 EDT" name="Suite" finished-at="2020-10-30T15:25:05 EDT" duration-ms="18099">
    <groups>
    </groups>
    <test started-at="2020-10-30T15:24:47 EDT" name="Test" finished-at="2020-10-30T15:25:05 EDT" duration-ms="18099">
      <class name="test.FaceBook">
        <test-method signature="openCrome()[pri:0, instance:test.FaceBook@38c5cc4c]" started-at="2020-10-30T15:24:59 EDT" name="openCrome" finished-at="2020-10-30T15:25:04 EDT" duration-ms="5179" status="PASS">
          <reporter-output>
          </reporter-output>
        </test-method> <!-- openCrome -->
        <test-method signature="opengoogle()[pri:0, instance:test.FaceBook@38c5cc4c]" started-at="2020-10-30T15:25:04 EDT" name="opengoogle" finished-at="2020-10-30T15:25:05 EDT" duration-ms="1085" status="PASS">
          <reporter-output>
          </reporter-output>
        </test-method> <!-- opengoogle -->
      </class> <!-- test.FaceBook -->
      <class name="test.Google">
        <test-method signature="openCrome()[pri:0, instance:test.Google@5db250b4]" started-at="2020-10-30T15:24:47 EDT" name="openCrome" finished-at="2020-10-30T15:24:52 EDT" duration-ms="5610" status="PASS">
          <reporter-output>
          </reporter-output>
        </test-method> <!-- openCrome -->
        <test-method signature="openGoogle()[pri:0, instance:test.Google@5db250b4]" started-at="2020-10-30T15:24:52 EDT" name="openGoogle" finished-at="2020-10-30T15:24:53 EDT" duration-ms="1019" status="PASS">
          <reporter-output>
          </reporter-output>
        </test-method> <!-- openGoogle -->
      </class> <!-- test.Google -->
      <class name="testBase.BaseChrome">
        <test-method signature="openCrome()[pri:0, instance:testBase.BaseChrome@223f3642]" started-at="2020-10-30T15:24:53 EDT" name="openCrome" finished-at="2020-10-30T15:24:59 EDT" duration-ms="5169" status="PASS">
          <reporter-output>
          </reporter-output>
        </test-method> <!-- openCrome -->
      </class> <!-- testBase.BaseChrome -->
    </test> <!-- Test -->
  </suite> <!-- Suite -->
</testng-results>
