<?xml version="1.0" encoding="UTF-8"?>
<!-- Generated by org.testng.reporters.JUnitXMLReporter -->
<testsuite ignored="0" hostname="LAPTOP-955OHR8G" failures="0" tests="5" name="Test" time="18.099" errors="0" timestamp="2020-10-30T15:25:05 EDT">
  <testcase classname="testBase.BaseChrome" name="openCrome" time="5.61"/>
  <testcase classname="test.Google" name="openGoogle" time="1.019"/>
  <testcase classname="testBase.BaseChrome" name="openCrome" time="5.169"/>
  <testcase classname="testBase.BaseChrome" name="openCrome" time="5.179"/>
  <testcase classname="test.FaceBook" name="opengoogle" time="1.085"/>
</testsuite> <!-- Test -->
